# JRE version: OpenJDK Runtime Environment (11.0.11+9) (build 11.0.11+9-b60-7590822)
# Java VM: OpenJDK 64-Bit Server VM (11.0.11+9-b60-7590822, mixed mode, tiered, compressed oops, g1 gc, windows-amd64)
Heap:
 garbage-first heap   total 328704K, used 159123K [0x0000000080000000, 0x0000000100000000)
  region size 1024K, 25 young (25600K), 17 survivors (17408K)
 Metaspace       used 111849K, capacity 115280K, committed 115504K, reserved 1148928K
  class space    used 14218K, capacity 15462K, committed 15564K, reserved 1048576K
GC Heap History (20 events):
Event: 41.917 GC heap before
{Heap before GC invocations=41 (full 0):
 garbage-first heap   total 273408K, used 165352K [0x0000000080000000, 0x0000000100000000)
  region size 1024K, 102 young (104448K), 10 survivors (10240K)
 Metaspace       used 57977K, capacity 59704K, committed 59816K, reserved 1101824K
  class space    used 7331K, capacity 7923K, committed 7936K, reserved 1048576K
}
Event: 41.946 GC heap after
{Heap after GC invocations=42 (full 0):
 garbage-first heap   total 273408K, used 80598K [0x0000000080000000, 0x0000000100000000)
  region size 1024K, 17 young (17408K), 17 survivors (17408K)
 Metaspace       used 57977K, capacity 59704K, committed 59816K, reserved 1101824K
  class space    used 7331K, capacity 7923K, committed 7936K, reserved 1048576K
}
Event: 44.391 GC heap before
{Heap before GC invocations=43 (full 0):
 garbage-first heap   total 273408K, used 217814K [0x0000000080000000, 0x0000000100000000)
  region size 1024K, 154 young (157696K), 17 survivors (17408K)
 Metaspace       used 69187K, capacity 71075K, committed 71336K, reserved 1112064K
  class space    used 8825K, capacity 9459K, committed 9472K, reserved 1048576K
}
Event: 44.426 GC heap after
{Heap after GC invocations=44 (full 0):
 garbage-first heap   total 273408K, used 87998K [0x0000000080000000, 0x0000000100000000)
  region size 1024K, 19 young (19456K), 19 survivors (19456K)
 Metaspace       used 69187K, capacity 71075K, committed 71336K, reserved 1112064K
  class space    used 8825K, capacity 9459K, committed 9472K, reserved 1048576K
}
Event: 47.337 GC heap before
{Heap before GC invocations=44 (full 0):
 garbage-first heap   total 273408K, used 232382K [0x0000000080000000, 0x0000000100000000)
  region size 1024K, 150 young (153600K), 19 survivors (19456K)
 Metaspace       used 78975K, capacity 81058K, committed 81192K, reserved 1120256K
  class space    used 10147K, capacity 10853K, committed 10880K, reserved 1048576K
}
Event: 47.373 GC heap after
{Heap after GC invocations=45 (full 0):
 garbage-first heap   total 273408K, used 106997K [0x0000000080000000, 0x0000000100000000)
  region size 1024K, 11 young (11264K), 11 survivors (11264K)
 Metaspace       used 78975K, capacity 81058K, committed 81192K, reserved 1120256K
  class space    used 10147K, capacity 10853K, committed 10880K, reserved 1048576K
}
Event: 50.733 GC heap before
{Heap before GC invocations=45 (full 0):
 garbage-first heap   total 273408K, used 222709K [0x0000000080000000, 0x0000000100000000)
  region size 1024K, 125 young (128000K), 11 survivors (11264K)
 Metaspace       used 88374K, capacity 90773K, committed 91048K, reserved 1128448K
  class space    used 11387K, capacity 12227K, committed 12288K, reserved 1048576K
}
Event: 50.764 GC heap after
{Heap after GC invocations=46 (full 0):
 garbage-first heap   total 328704K, used 115698K [0x0000000080000000, 0x0000000100000000)
  region size 1024K, 8 young (8192K), 8 survivors (8192K)
 Metaspace       used 88374K, capacity 90773K, committed 91048K, reserved 1128448K
  class space    used 11387K, capacity 12227K, committed 12288K, reserved 1048576K
}
Event: 54.930 GC heap before
{Heap before GC invocations=46 (full 0):
 garbage-first heap   total 328704K, used 264178K [0x0000000080000000, 0x0000000100000000)
  region size 1024K, 152 young (155648K), 8 survivors (8192K)
 Metaspace       used 90896K, capacity 93398K, committed 93608K, reserved 1130496K
  class space    used 11603K, capacity 12471K, committed 12544K, reserved 1048576K
}
Event: 54.964 GC heap after
{Heap after GC invocations=47 (full 0):
 garbage-first heap   total 328704K, used 124928K [0x0000000080000000, 0x0000000100000000)
  region size 1024K, 15 young (15360K), 15 survivors (15360K)
 Metaspace       used 90896K, capacity 93398K, committed 93608K, reserved 1130496K
  class space    used 11603K, capacity 12471K, committed 12544K, reserved 1048576K
}
Event: 56.744 GC heap before
{Heap before GC invocations=47 (full 0):
 garbage-first heap   total 328704K, used 267264K [0x0000000080000000, 0x0000000100000000)
  region size 1024K, 154 young (157696K), 15 survivors (15360K)
 Metaspace       used 90904K, capacity 93398K, committed 93608K, reserved 1130496K
  class space    used 11603K, capacity 12471K, committed 12544K, reserved 1048576K
}
Event: 56.769 GC heap after
{Heap after GC invocations=48 (full 0):
 garbage-first heap   total 328704K, used 125664K [0x0000000080000000, 0x0000000100000000)
  region size 1024K, 9 young (9216K), 9 survivors (9216K)
 Metaspace       used 90904K, capacity 93398K, committed 93608K, reserved 1130496K
  class space    used 11603K, capacity 12471K, committed 12544K, reserved 1048576K
}
Event: 59.974 GC heap before
{Heap before GC invocations=48 (full 0):
 garbage-first heap   total 328704K, used 260832K [0x0000000080000000, 0x0000000100000000)
  region size 1024K, 142 young (145408K), 9 survivors (9216K)
 Metaspace       used 97154K, capacity 99934K, committed 100008K, reserved 1136640K
  class space    used 12462K, capacity 13500K, committed 13568K, reserved 1048576K
}
Event: 59.992 GC heap after
{Heap after GC invocations=49 (full 0):
 garbage-first heap   total 328704K, used 124011K [0x0000000080000000, 0x0000000100000000)
  region size 1024K, 9 young (9216K), 9 survivors (9216K)
 Metaspace       used 97154K, capacity 99934K, committed 100008K, reserved 1136640K
  class space    used 12462K, capacity 13500K, committed 13568K, reserved 1048576K
}
Event: 249.394 GC heap before
{Heap before GC invocations=50 (full 0):
 garbage-first heap   total 328704K, used 268395K [0x0000000080000000, 0x0000000100000000)
  region size 1024K, 153 young (156672K), 9 survivors (9216K)
 Metaspace       used 100686K, capacity 103782K, committed 103984K, reserved 1138688K
  class space    used 12887K, capacity 13979K, committed 14028K, reserved 1048576K
}
Event: 249.438 GC heap after
{Heap after GC invocations=51 (full 0):
 garbage-first heap   total 328704K, used 133344K [0x0000000080000000, 0x0000000100000000)
  region size 1024K, 20 young (20480K), 20 survivors (20480K)
 Metaspace       used 100686K, capacity 103782K, committed 103984K, reserved 1138688K
  class space    used 12887K, capacity 13979K, committed 14028K, reserved 1048576K
}
Event: 253.039 GC heap before
{Heap before GC invocations=52 (full 0):
 garbage-first heap   total 328704K, used 269536K [0x0000000080000000, 0x0000000100000000)
  region size 1024K, 154 young (157696K), 20 survivors (20480K)
 Metaspace       used 108564K, capacity 111853K, committed 111920K, reserved 1146880K
  class space    used 13856K, capacity 14998K, committed 15052K, reserved 1048576K
}
Event: 253.089 GC heap after
{Heap after GC invocations=53 (full 0):
 garbage-first heap   total 328704K, used 141715K [0x0000000080000000, 0x0000000100000000)
  region size 1024K, 9 young (9216K), 9 survivors (9216K)
 Metaspace       used 108564K, capacity 111853K, committed 111920K, reserved 1146880K
  class space    used 13856K, capacity 14998K, committed 15052K, reserved 1048576K
}
Event: 270.432 GC heap before
{Heap before GC invocations=53 (full 0):
 garbage-first heap   total 328704K, used 272787K [0x0000000080000000, 0x0000000100000000)
  region size 1024K, 136 young (139264K), 9 survivors (9216K)
 Metaspace       used 111780K, capacity 115204K, committed 115504K, reserved 1148928K
  class space    used 14211K, capacity 15458K, committed 15564K, reserved 1048576K
}
Event: 270.466 GC heap after
{Heap after GC invocations=54 (full 0):
 garbage-first heap   total 328704K, used 151955K [0x0000000080000000, 0x0000000100000000)
  region size 1024K, 17 young (17408K), 17 survivors (17408K)
 Metaspace       used 111780K, capacity 115204K, committed 115504K, reserved 1148928K
  class space    used 14211K, capacity 15458K, committed 15564K, reserved 1048576K
}

